<?xml version="1.0" encoding="utf-8"?>
<testsuite errors="0" failures="0" name="unittest.suite.TestSuite" tests="1" time="11.532"><testcase classname="rostest.runner.RosTest" name="testdarknet_ros_object_detection" time="11.5317" /><system-out>&lt;![CDATA[
[ROSTEST]setup[/home/anafa/catkin_ws/src/darknet_ros/darknet_ros/test/object_detection.test] run_id[7031c4b2-cb87-11ec-a1f1-186024c13ecb] starting
&amp;#x001B;[1mstarted roslaunch server http://CND150BW01:36329/&amp;#x001B;[0m

SUMMARY
========

PARAMETERS
 * /darknet_ros/actions/camera_reading/name: /darknet_ros/chec...
 * /darknet_ros/config_path: /home/anafa/catki...
 * /darknet_ros/image_view/enable_console_output: True
 * /darknet_ros/image_view/enable_opencv: True
 * /darknet_ros/image_view/wait_key_delay: 600
 * /darknet_ros/publishers/bounding_boxes/latch: False
 * /darknet_ros/publishers/bounding_boxes/queue_size: 1
 * /darknet_ros/publishers/bounding_boxes/topic: /darknet_ros/boun...
 * /darknet_ros/publishers/detection_image/latch: True
 * /darknet_ros/publishers/detection_image/queue_size: 1
 * /darknet_ros/publishers/detection_image/topic: /darknet_ros/dete...
 * /darknet_ros/publishers/object_detector/latch: False
 * /darknet_ros/publishers/object_detector/queue_size: 1
 * /darknet_ros/publishers/object_detector/topic: /darknet_ros/foun...
 * /darknet_ros/subscribers/camera_reading/queue_size: 1
 * /darknet_ros/subscribers/camera_reading/topic: /camera/rgb/image...
 * /darknet_ros/weights_path: /home/anafa/catki...
 * /darknet_ros/yolo_model/config_file/name: yolov2.cfg
 * /darknet_ros/yolo_model/detection_classes/names: ['person', 'bicyc...
 * /darknet_ros/yolo_model/threshold/value: 0.5
 * /darknet_ros/yolo_model/weight_file/name: yolov2.weights
 * /rosdistro: melodic
 * /rosversion: 1.14.13

NODES
  /
    darknet_ros (darknet_ros/darknet_ros)

[ROSTEST]setup[/home/anafa/catkin_ws/src/darknet_ros/darknet_ros/test/object_detection.test] run_id[7031c4b2-cb87-11ec-a1f1-186024c13ecb] done
[ROSTEST]Running test [darknet_ros_object_detection]
&amp;#x001B;[1mROS_MASTER_URI=http://CND150BW01:32955/&amp;#x001B;[0m
&amp;#x001B;[1msetting /run_id to 7031c4b2-cb87-11ec-a1f1-186024c13ecb&amp;#x001B;[0m
&amp;#x001B;[1mprocess[darknet_ros-1]: started with pid [19299]&amp;#x001B;[0m
[ROSTEST]running test darknet_ros_object_detection
&amp;#x001B;[1mprocess[darknet_ros_object_detection-2]: started with pid [19300]&amp;#x001B;[0m
&amp;#x001B;[1m[darknet_ros_object_detection-2] process has finished cleanly
log file: /home/anafa/.ros/log/7031c4b2-cb87-11ec-a1f1-186024c13ecb/darknet_ros_object_detection-2*.log&amp;#x001B;[0m
[ROSTEST]test [darknet_ros_object_detection] finished
[ROSTEST]test [darknet_ros_object_detection] results are in [/home/anafa/catkin_ws/build/test_results/darknet_ros/rosunit-darknet_ros_object_detection.xml]
[ROSTEST]test [darknet_ros_object_detection] results summary: 0 errors, 0 failures, 3 tests
[ROSTEST][ROSTEST] test [darknet_ros_object_detection] done
[ROSTEST]tearDown[/home/anafa/catkin_ws/src/darknet_ros/darknet_ros/test/object_detection.test]
shutting down processing monitor...
[darknet_ros-1] killing on exit
... shutting down processing monitor complete
[ROSTEST]rostest teardown /home/anafa/catkin_ws/src/darknet_ros/darknet_ros/test/object_detection.test complete

]]&gt;</system-out><system-err>&lt;![CDATA[

]]&gt;</system-err></testsuite>