<?xml version="1.0" encoding="UTF-8"?>
<testsuites tests="3" failures="0" disabled="2" errors="0" timestamp="2022-05-04T10:51:50" time="9.468" name="AllTests">
  <testsuite name="ObjectDetection" tests="3" failures="0" disabled="2" errors="0" time="9.467">
    <testcase name="DISABLED_DetectDog" status="notrun" time="0" classname="ObjectDetection" />
    <testcase name="DetectANYmal" status="run" time="9.467" classname="ObjectDetection" />
    <testcase name="DISABLED_DetectPerson" status="notrun" time="0" classname="ObjectDetection" />
  </testsuite>
</testsuites>
